MSBuild version 17.12.12+1cce77968 for .NET Framework
Build started 2/28/2026 2:29:07 PM.

Project "C:\Users\Lowgo\RiderProjects\OfCourseIStillLoveYou\OfCourseIStillLoveYou\OfCourseIStillLoveYou.csproj" on node 1 (Build target(s)).
Project "C:\Users\Lowgo\RiderProjects\OfCourseIStillLoveYou\OfCourseIStillLoveYou\OfCourseIStillLoveYou.csproj" (1) is building "C:\Users\Lowgo\RiderProjects\OfCourseIStillLoveYou\OfCourseIStillLoveYou.Client\OfCourseIStillLoveYou.Client.csproj" (2:2) on node 1 (default targets).
GenerateTargetFrameworkMonikerAttribute:
Skipping target "GenerateTargetFrameworkMonikerAttribute" because all output files are up-to-date with respect to the input files.
_Protobuf_GatherStaleBatched:
Skipping target "_Protobuf_GatherStaleBatched" because all output files are up-to-date with respect to the input files.
CoreCompile:
Skipping target "CoreCompile" because all output files are up-to-date with respect to the input files.
_CopyOutOfDateSourceItemsToOutputDirectory:
Skipping target "_CopyOutOfDateSourceItemsToOutputDirectory" because all output files are up-to-date with respect to the input files.
CopyFilesToOutputDirectory:
  OfCourseIStillLoveYou.Client -> C:\Users\Lowgo\RiderProjects\OfCourseIStillLoveYou\OfCourseIStillLoveYou.Client\bin\Release\OfCourseIStillLoveYou.Client.dll
Done Building Project "C:\Users\Lowgo\RiderProjects\OfCourseIStillLoveYou\OfCourseIStillLoveYou.Client\OfCourseIStillLoveYou.Client.csproj" (default targets).
Project "C:\Users\Lowgo\RiderProjects\OfCourseIStillLoveYou\OfCourseIStillLoveYou\OfCourseIStillLoveYou.csproj" (1) is building "C:\Users\Lowgo\RiderProjects\OfCourseIStillLoveYou\OfCourseIStillLoveYou.TUFX\OfCourseIStillLoveYou.TUFX.csproj" (3:2) on node 1 (default targets).
GenerateTargetFrameworkMonikerAttribute:
Skipping target "GenerateTargetFrameworkMonikerAttribute" because all output files are up-to-date with respect to the input files.
CoreCompile:
Skipping target "CoreCompile" because all output files are up-to-date with respect to the input files.
_CopyOutOfDateSourceItemsToOutputDirectory:
Skipping target "_CopyOutOfDateSourceItemsToOutputDirectory" because all output files are up-to-date with respect to the input files.
CopyFilesToOutputDirectory:
  OfCourseIStillLoveYou.TUFX -> C:\Users\Lowgo\RiderProjects\OfCourseIStillLoveYou\OfCourseIStillLoveYou.TUFX\bin\Release\OfCourseIStillLoveYou.TUFX.dll
Done Building Project "C:\Users\Lowgo\RiderProjects\OfCourseIStillLoveYou\OfCourseIStillLoveYou.TUFX\OfCourseIStillLoveYou.TUFX.csproj" (default targets).
GenerateTargetFrameworkMonikerAttribute:
Skipping target "GenerateTargetFrameworkMonikerAttribute" because all output files are up-to-date with respect to the input files.
CoreCompile:
  C:\Program Files (x86)\Microsoft Visual Studio\2022\BuildTools\MSBuild\Current\Bin\Roslyn\csc.exe /noconfig /nowarn:1701,1702 /fullpaths /nostdlib+ /errorreport:prompt /warn:4 /define:TRACE /highentropyva+ /reference:C:\Users\Lowgo\RiderProjects\OfCourseIStillLoveYou\Dependencies\Assembly-CSharp.dll /reference:C:\Users\Lowgo\RiderProjects\OfCourseIStillLoveYou\OfCourseIStillLoveYou\packages\Grpc.Core.Api.2.46.6\lib\net45\Grpc.Core.Api.dll /reference:C:\Users\Lowgo\RiderProjects\OfCourseIStillLoveYou\OfCourseIStillLoveYou\packages\Grpc.Core.2.46.6\lib\net45\Grpc.Core.dll /reference:C:\Users\Lowgo\RiderProjects\OfCourseIStillLoveYou\Dependencies\HullcamVDSContinued.dll /reference:C:\Users\Lowgo\RiderProjects\OfCourseIStillLoveYou\Dependencies\KSPAssets.dll /reference:C:\Windows\Microsoft.NET\Framework64\v4.0.30319\Microsoft.CSharp.dll /reference:C:\Windows\Microsoft.NET\Framework64\v4.0.30319\mscorlib.dll /reference:C:\Users\Lowgo\RiderProjects\OfCourseIStillLoveYou\OfCourseIStillLoveYou.Client\bin\Release\OfCourseIStillLoveYou.Client.dll /reference:C:\Users\Lowgo\RiderProjects\OfCourseIStillLoveYou\OfCourseIStillLoveYou.TUFX\bin\Release\OfCourseIStillLoveYou.TUFX.dll /reference:C:\Users\Lowgo\RiderProjects\OfCourseIStillLoveYou\OfCourseIStillLoveYou\packages\System.Buffers.4.4.0\lib\netstandard2.0\System.Buffers.dll /reference:C:\Windows\Microsoft.NET\Framework64\v4.0.30319\System.Core.dll /reference:C:\Windows\Microsoft.NET\Framework64\v4.0.30319\System.dll /reference:C:\Windows\Microsoft.NET\Framework64\v4.0.30319\System.Drawing.dll /reference:C:\Users\Lowgo\RiderProjects\OfCourseIStillLoveYou\OfCourseIStillLoveYou\packages\System.Memory.4.5.3\lib\netstandard2.0\System.Memory.dll /reference:C:\Windows\Microsoft.NET\Framework64\v4.0.30319\System.Numerics.dll /reference:C:\Users\Lowgo\RiderProjects\OfCourseIStillLoveYou\OfCourseIStillLoveYou\packages\System.Numerics.Vectors.4.4.0\lib\net46\System.Numerics.Vectors.dll /reference:C:\Users\Lowgo\RiderProjects\OfCourseIStillLoveYou\OfCourseIStillLoveYou\packages\System.Runtime.CompilerServices.Unsafe.4.5.2\lib\netstandard2.0\System.Runtime.CompilerServices.Unsafe.dll /reference:C:\Users\Lowgo\RiderProjects\OfCourseIStillLoveYou\Dependencies\UnityEngine.AnimationModule.dll /reference:C:\Users\Lowgo\RiderProjects\OfCourseIStillLoveYou\Dependencies\UnityEngine.AssetBundleModule.dll /reference:C:\Users\Lowgo\RiderProjects\OfCourseIStillLoveYou\Dependencies\UnityEngine.CoreModule.dll /reference:C:\Users\Lowgo\RiderProjects\OfCourseIStillLoveYou\Dependencies\UnityEngine.dll /reference:C:\Users\Lowgo\RiderProjects\OfCourseIStillLoveYou\Dependencies\UnityEngine.ImageConversionModule.dll /reference:C:\Users\Lowgo\RiderProjects\OfCourseIStillLoveYou\Dependencies\UnityEngine.IMGUIModule.dll /reference:C:\Users\Lowgo\RiderProjects\OfCourseIStillLoveYou\Dependencies\UnityEngine.InputLegacyModule.dll /reference:C:\Users\Lowgo\RiderProjects\OfCourseIStillLoveYou\Dependencies\UnityEngine.InputModule.dll /reference:C:\Users\Lowgo\RiderProjects\OfCourseIStillLoveYou\Dependencies\UnityEngine.PhysicsModule.dll /reference:C:\Users\Lowgo\RiderProjects\OfCourseIStillLoveYou\Dependencies\UnityEngine.TextCoreModule.dll /reference:C:\Users\Lowgo\RiderProjects\OfCourseIStillLoveYou\Dependencies\UnityEngine.TextRenderingModule.dll /reference:C:\Users\Lowgo\RiderProjects\OfCourseIStillLoveYou\Dependencies\UnityEngine.UI.dll /reference:C:\Users\Lowgo\RiderProjects\OfCourseIStillLoveYou\Dependencies\UnityEngine.UIElementsModule.dll /reference:C:\Users\Lowgo\RiderProjects\OfCourseIStillLoveYou\Dependencies\UnityEngine.UIModule.dll /reference:C:\Users\Lowgo\RiderProjects\OfCourseIStillLoveYou\Dependencies\UnityEngine.UnityWebRequestWWWModule.dll /debug+ /debug:portable /filealign:512 /optimize+ /out:obj\Release\OfCourseIStillLoveYou.dll /subsystemversion:6.00 /target:library /utf8output /deterministic+ /langversion:7.3 MjpegServer.cs Properties\AssemblyInfo.cs Settings.cs canvasHack.cs TgpCamRotator.cs Core.cs Gui.cs TrackingCamera.cs "obj\Release\.NETFramework,Version=v4.8.AssemblyAttributes.cs"
C:\Users\Lowgo\RiderProjects\OfCourseIStillLoveYou\OfCourseIStillLoveYou\TrackingCamera.cs(186,34): error CS0246: The type or namespace name 'CanvasHack' could not be found (are you missing a using directive or an assembly reference?) [C:\Users\Lowgo\RiderProjects\OfCourseIStillLoveYou\OfCourseIStillLoveYou\OfCourseIStillLoveYou.csproj]
C:\Users\Lowgo\RiderProjects\OfCourseIStillLoveYou\OfCourseIStillLoveYou\TrackingCamera.cs(211,51): error CS0246: The type or namespace name 'TgpCamRotator' could not be found (are you missing a using directive or an assembly reference?) [C:\Users\Lowgo\RiderProjects\OfCourseIStillLoveYou\OfCourseIStillLoveYou\OfCourseIStillLoveYou.csproj]
C:\Users\Lowgo\RiderProjects\OfCourseIStillLoveYou\OfCourseIStillLoveYou\TrackingCamera.cs(213,34): error CS0246: The type or namespace name 'CanvasHack' could not be found (are you missing a using directive or an assembly reference?) [C:\Users\Lowgo\RiderProjects\OfCourseIStillLoveYou\OfCourseIStillLoveYou\OfCourseIStillLoveYou.csproj]
C:\Users\Lowgo\RiderProjects\OfCourseIStillLoveYou\OfCourseIStillLoveYou\TrackingCamera.cs(233,62): error CS0246: The type or namespace name 'TgpCamRotator' could not be found (are you missing a using directive or an assembly reference?) [C:\Users\Lowgo\RiderProjects\OfCourseIStillLoveYou\OfCourseIStillLoveYou\OfCourseIStillLoveYou.csproj]
C:\Users\Lowgo\RiderProjects\OfCourseIStillLoveYou\OfCourseIStillLoveYou\TrackingCamera.cs(235,39): error CS0246: The type or namespace name 'CanvasHack' could not be found (are you missing a using directive or an assembly reference?) [C:\Users\Lowgo\RiderProjects\OfCourseIStillLoveYou\OfCourseIStillLoveYou\OfCourseIStillLoveYou.csproj]
  CompilerServer: server - server processed compilation - OfCourseIStillLoveYou
Done Building Project "C:\Users\Lowgo\RiderProjects\OfCourseIStillLoveYou\OfCourseIStillLoveYou\OfCourseIStillLoveYou.csproj" (Build target(s)) -- FAILED.

Build FAILED.

"C:\Users\Lowgo\RiderProjects\OfCourseIStillLoveYou\OfCourseIStillLoveYou\OfCourseIStillLoveYou.csproj" (Build target) (1) ->
(CoreCompile target) -> 
  C:\Users\Lowgo\RiderProjects\OfCourseIStillLoveYou\OfCourseIStillLoveYou\TrackingCamera.cs(186,34): error CS0246: The type or namespace name 'CanvasHack' could not be found (are you missing a using directive or an assembly reference?) [C:\Users\Lowgo\RiderProjects\OfCourseIStillLoveYou\OfCourseIStillLoveYou\OfCourseIStillLoveYou.csproj]
  C:\Users\Lowgo\RiderProjects\OfCourseIStillLoveYou\OfCourseIStillLoveYou\TrackingCamera.cs(211,51): error CS0246: The type or namespace name 'TgpCamRotator' could not be found (are you missing a using directive or an assembly reference?) [C:\Users\Lowgo\RiderProjects\OfCourseIStillLoveYou\OfCourseIStillLoveYou\OfCourseIStillLoveYou.csproj]
  C:\Users\Lowgo\RiderProjects\OfCourseIStillLoveYou\OfCourseIStillLoveYou\TrackingCamera.cs(213,34): error CS0246: The type or namespace name 'CanvasHack' could not be found (are you missing a using directive or an assembly reference?) [C:\Users\Lowgo\RiderProjects\OfCourseIStillLoveYou\OfCourseIStillLoveYou\OfCourseIStillLoveYou.csproj]
  C:\Users\Lowgo\RiderProjects\OfCourseIStillLoveYou\OfCourseIStillLoveYou\TrackingCamera.cs(233,62): error CS0246: The type or namespace name 'TgpCamRotator' could not be found (are you missing a using directive or an assembly reference?) [C:\Users\Lowgo\RiderProjects\OfCourseIStillLoveYou\OfCourseIStillLoveYou\OfCourseIStillLoveYou.csproj]
  C:\Users\Lowgo\RiderProjects\OfCourseIStillLoveYou\OfCourseIStillLoveYou\TrackingCamera.cs(235,39): error CS0246: The type or namespace name 'CanvasHack' could not be found (are you missing a using directive or an assembly reference?) [C:\Users\Lowgo\RiderProjects\OfCourseIStillLoveYou\OfCourseIStillLoveYou\OfCourseIStillLoveYou.csproj]

    0 Warning(s)
    5 Error(s)

Time Elapsed 00:00:00.50
